#
# A fatal error has been detected by the Java Runtime Environment:
#
#  SIGBUS (0xa) at pc=0x000000010a5a47c2, pid=17717, tid=0x0000000000004403
#
# JRE version: Java(TM) SE Runtime Environment (8.0_144-b01) (build 1.8.0_144-b01)
# Java VM: Java HotSpot(TM) 64-Bit Server VM (25.144-b01 mixed mode bsd-amd64 compressed oops)
# Problematic frame:
# V  [libjvm.dylib+0x2b37c2]
#
# Failed to write core dump. Core dumps have been disabled. To enable core dumping, try "ulimit -c unlimited" before starting Java again
#
# If you would like to submit a bug report, please visit:
#   http://bugreport.java.com/bugreport/crash.jsp
#

---------------  T H R E A D  ---------------

Current thread (0x00007f956a030800):  JavaThread "C2 CompilerThread1" daemon [_thread_in_native, id=17411, stack(0x00007000039bf000,0x0000700003abf000)]

siginfo: si_signo: 10 (SIGBUS), si_code: 2 (BUS_ADRERR), si_addr: 0x000000011518a080

Registers:
RAX=0x0000000114665010, RBX=0x000000000000000d, RCX=0x000000000000000d, RDX=0x000000010abdace0
RSP=0x0000700003abb6e0, RBP=0x0000700003abb6f0, RSI=0x0000000000000d6a, RDI=0x0000000115189ff0
R8 =0x0000000000000000, R9 =0x0000000000000008, R10=0x000000000000000c, R11=0x0000000000051000
R12=0x0000000000018118, R13=0x0000000000024fe0, R14=0x0000700003abb8f8, R15=0x00000000000008b8
RIP=0x000000010a5a47c2, EFLAGS=0x0000000000010202, ERR=0x0000000000000006
  TRAPNO=0x000000000000000e

Top of Stack: (sp=0x0000700003abb6e0)
0x0000700003abb6e0:   0000000000000c6b 0000700003abb8f8
0x0000700003abb6f0:   0000700003abb730 000000010a5a1ad8
0x0000700003abb700:   0000700003abb990 0000700003abc500
0x0000700003abb710:   0000700003abb8f8 0000700003abdfa0
0x0000700003abb720:   0000700003abb9b8 0000700003abb938
0x0000700003abb730:   0000700003abba40 000000010a452ac7
0x0000700003abb740:   0000700003abb770 000000010a359d2b
0x0000700003abb750:   00007f95690e2a70 00007f95690e2a70
0x0000700003abb760:   0000000000000005 0000000000000029
0x0000700003abb770:   0000700003abb870 000000010a6a5bdc
0x0000700003abb780:   0000000000000000 00007f956a264fc0
0x0000700003abb790:   0000000603abc630 0000000000000002
0x0000700003abb7a0:   00007f956929a8b8 0000000000000003
0x0000700003abb7b0:   00007f956a265238 0000000000000000
0x0000700003abb7c0:   0000000000000000 0000000000000000
0x0000700003abb7d0:   0000000000000000 0000000000000000
0x0000700003abb7e0:   0000700003abb8f8 0000700003abc630
0x0000700003abb7f0:   00007f956929a8a8 0000000040000000
0x0000700003abb800:   0000000000000000 0000000000000000
0x0000700003abb810:   0000000000000000 0000000000000000
0x0000700003abb820:   00007f956a264fc0 000000010a8608e4
0x0000700003abb830:   0000000000000062 000000010a860889
0x0000700003abb840:   0000700003abb8a0 000000010a3966be
0x0000700003abb850:   0000000000000062 00007fff652830d6
0x0000700003abb860:   00007f956a264fc0 00007f956a7f7e00
0x0000700003abb870:   00007f956a224e00 00007f956a231200
0x0000700003abb880:   0000000000007fe8 00007f956a2fc600
0x0000700003abb890:   0000000000000000 0000000000007fd8
0x0000700003abb8a0:   0000700003abb8f0 000000010a395d26
0x0000700003abb8b0:   0000700003abb9b0 000000010a8608e4
0x0000700003abb8c0:   00007f9569963e00 000000010a8608e4
0x0000700003abb8d0:   000000010abbd290 000000010000000d 

Instructions: (pc=0x000000010a5a47c2)
0x000000010a5a47a2:   48 83 c4 08 5b 5d c3 90 55 48 89 e5 41 56 53 c7
0x000000010a5a47b2:   07 00 00 00 00 81 c6 ff 00 00 00 89 f3 c1 eb 08
0x000000010a5a47c2:   89 9f 90 00 00 00 83 fb 10 49 89 fe 77 0a 49 8d
0x000000010a5a47d2:   46 10 49 89 46 08 eb 3c 48 8d 05 7f 4a 58 00 48 

Register to memory mapping:

RAX=0x0000000114665010 is an unknown value
RBX=0x000000000000000d is an unknown value
RCX=0x000000000000000d is an unknown value
RDX=0x000000010abdace0: _ZN8IndexSet12_empty_blockE+0 in /Library/Java/JavaVirtualMachines/jdk1.8.0_144.jdk/Contents/Home/jre/lib/server/libjvm.dylib at 0x000000010a2f1000
RSP=0x0000700003abb6e0 is pointing into the stack for thread: 0x00007f956a030800
RBP=0x0000700003abb6f0 is pointing into the stack for thread: 0x00007f956a030800
RSI=0x0000000000000d6a is an unknown value
RDI=0x0000000115189ff0 is an unknown value
R8 =0x0000000000000000 is an unknown value
R9 =0x0000000000000008 is an unknown value
R10=0x000000000000000c is an unknown value
R11=0x0000000000051000 is an unknown value
R12=0x0000000000018118 is an unknown value
R13=0x0000000000024fe0 is an unknown value
R14=0x0000700003abb8f8 is pointing into the stack for thread: 0x00007f956a030800
R15=0x00000000000008b8 is an unknown value


Stack: [0x00007000039bf000,0x0000700003abf000],  sp=0x0000700003abb6e0,  free space=1009k
Native frames: (J=compiled Java code, j=interpreted, Vv=VM code, C=native code)
V  [libjvm.dylib+0x2b37c2]
V  [libjvm.dylib+0x2b0ad8]
V  [libjvm.dylib+0x161ac7]
V  [libjvm.dylib+0x1af986]
V  [libjvm.dylib+0x1b3b21]
V  [libjvm.dylib+0x150fae]
V  [libjvm.dylib+0x1b71b4]
V  [libjvm.dylib+0x1b96fb]
V  [libjvm.dylib+0x56c0b3]
V  [libjvm.dylib+0x56d7a0]
V  [libjvm.dylib+0x48baee]
C  [libsystem_pthread.dylib+0x333d]  _pthread_body+0x7e
C  [libsystem_pthread.dylib+0x62a7]  _pthread_start+0x46
C  [libsystem_pthread.dylib+0x2425]  thread_start+0xd
C  0x0000000000000000


Current CompileTask:
C2:1485417 1348   !   4       java.lang.ClassLoader::loadClass (122 bytes)


---------------  P R O C E S S  ---------------

Java Threads: ( => current thread )
  0x00007f9569016800 JavaThread "Service Thread" daemon [_thread_blocked, id=14851, stack(0x0000700003bc5000,0x0000700003cc5000)]
  0x00007f9569016000 JavaThread "C1 CompilerThread2" daemon [_thread_blocked, id=16899, stack(0x0000700003ac2000,0x0000700003bc2000)]
=>0x00007f956a030800 JavaThread "C2 CompilerThread1" daemon [_thread_in_native, id=17411, stack(0x00007000039bf000,0x0000700003abf000)]
  0x00007f956980f800 JavaThread "C2 CompilerThread0" daemon [_thread_blocked, id=17667, stack(0x00007000038bc000,0x00007000039bc000)]
  0x00007f956884c000 JavaThread "JDWP Event Helper Thread" daemon [_thread_blocked, id=14083, stack(0x00007000036b6000,0x00007000037b6000)]
  0x00007f956a023800 JavaThread "Signal Dispatcher" daemon [_thread_blocked, id=18947, stack(0x00007000034b0000,0x00007000035b0000)]
  0x00007f9569005800 JavaThread "Finalizer" daemon [_thread_blocked, id=19715, stack(0x00007000033ad000,0x00007000034ad000)]
  0x00007f9568823800 JavaThread "Reference Handler" daemon [_thread_blocked, id=11267, stack(0x00007000032aa000,0x00007000033aa000)]
  0x00007f9569001000 JavaThread "main" [_thread_in_native, id=9987, stack(0x0000700002c98000,0x0000700002d98000)]

Other Threads:
  0x00007f9568820800 VMThread [stack: 0x00007000031a7000,0x00007000032a7000] [id=20483]
  0x00007f95698df800 WatcherThread [stack: 0x0000700003cc8000,0x0000700003dc8000] [id=15363]

VM state:not at safepoint (normal execution)

VM Mutex/Monitor currently owned by a thread: None

Heap:
 PSYoungGen      total 38400K, used 20084K [0x0000000795580000, 0x0000000798000000, 0x00000007c0000000)
  eden space 33280K, 45% used [0x0000000795580000,0x00000007964241d8,0x0000000797600000)
  from space 5120K, 99% used [0x0000000797b00000,0x0000000797ff8f08,0x0000000798000000)
  to   space 5120K, 0% used [0x0000000797600000,0x0000000797600000,0x0000000797b00000)
 ParOldGen       total 87552K, used 1675K [0x0000000740000000, 0x0000000745580000, 0x0000000795580000)
  object space 87552K, 1% used [0x0000000740000000,0x00000007401a2ec8,0x0000000745580000)
 Metaspace       used 20305K, capacity 20880K, committed 21120K, reserved 1067008K
  class space    used 2534K, capacity 2688K, committed 2688K, reserved 1048576K

Card table byte_map: [0x000000010bfc0000,0x000000010c3c1000] byte_map_base: 0x00000001085c0000

Marking Bits: (ParMarkBitMap*) 0x000000010abe45d0
 Begin Bits: [0x000000010c66c000, 0x000000010e66c000)
 End Bits:   [0x000000010e66c000, 0x000000011066c000)

Polling page: 0x000000010b2db000

CodeCache: size=245760Kb used=4949Kb max_used=4960Kb free=240810Kb
 bounds [0x00000001166b7000, 0x0000000116b97000, 0x00000001256b7000]
 total_blobs=1713 nmethods=1370 adapters=264
 compilation: enabled

Compilation events (10 events):
Event: 1485.386 Thread 0x00007f956980f800 1364       4       java.util.HashMap::resize (359 bytes)
Event: 1485.391 Thread 0x00007f9569016000 1365       1       org.springframework.util.ConcurrentReferenceHashMap$Segment::access$300 (5 bytes)
Event: 1485.391 Thread 0x00007f9569016000 nmethod 1365 0x0000000116b8df90 code [0x0000000116b8e0e0, 0x0000000116b8e1d0]
Event: 1485.391 Thread 0x00007f9569016000 1366       1       org.springframework.util.ConcurrentReferenceHashMap::access$700 (5 bytes)
Event: 1485.391 Thread 0x00007f9569016000 nmethod 1366 0x0000000116b8dcd0 code [0x0000000116b8de20, 0x0000000116b8df10]
Event: 1485.391 Thread 0x00007f9569016000 1367       1       org.springframework.util.ConcurrentReferenceHashMap$Segment::access$400 (5 bytes)
Event: 1485.392 Thread 0x00007f9569016000 nmethod 1367 0x0000000116b8da10 code [0x0000000116b8db60, 0x0000000116b8dc50]
Event: 1485.393 Thread 0x00007f9569016000 1368       3       org.springframework.util.Assert::state (14 bytes)
Event: 1485.394 Thread 0x00007f9569016000 nmethod 1368 0x0000000116b8d510 code [0x0000000116b8d680, 0x0000000116b8d8c8]
Event: 1485.396 Thread 0x00007f9569016000 1369       3       java.util.LinkedHashMap::<init> (10 bytes)

GC Heap History (8 events):
Event: 2.039 GC heap before
{Heap before GC invocations=1 (full 0):
 PSYoungGen      total 38400K, used 33280K [0x0000000795580000, 0x0000000798000000, 0x00000007c0000000)
  eden space 33280K, 100% used [0x0000000795580000,0x0000000797600000,0x0000000797600000)
  from space 5120K, 0% used [0x0000000797b00000,0x0000000797b00000,0x0000000798000000)
  to   space 5120K, 0% used [0x0000000797600000,0x0000000797600000,0x0000000797b00000)
 ParOldGen       total 87552K, used 0K [0x0000000740000000, 0x0000000745580000, 0x0000000795580000)
  object space 87552K, 0% used [0x0000000740000000,0x0000000740000000,0x0000000745580000)
 Metaspace       used 8661K, capacity 8918K, committed 9088K, reserved 1056768K
  class space    used 991K, capacity 1053K, committed 1152K, reserved 1048576K
Event: 2.045 GC heap after
Heap after GC invocations=1 (full 0):
 PSYoungGen      total 38400K, used 3924K [0x0000000795580000, 0x0000000798000000, 0x00000007c0000000)
  eden space 33280K, 0% used [0x0000000795580000,0x0000000795580000,0x0000000797600000)
  from space 5120K, 76% used [0x0000000797600000,0x00000007979d5380,0x0000000797b00000)
  to   space 5120K, 0% used [0x0000000797b00000,0x0000000797b00000,0x0000000798000000)
 ParOldGen       total 87552K, used 8K [0x0000000740000000, 0x0000000745580000, 0x0000000795580000)
  object space 87552K, 0% used [0x0000000740000000,0x0000000740002000,0x0000000745580000)
 Metaspace       used 8661K, capacity 8918K, committed 9088K, reserved 1056768K
  class space    used 991K, capacity 1053K, committed 1152K, reserved 1048576K
}
Event: 3.040 GC heap before
{Heap before GC invocations=2 (full 0):
 PSYoungGen      total 38400K, used 37204K [0x0000000795580000, 0x0000000798000000, 0x00000007c0000000)
  eden space 33280K, 100% used [0x0000000795580000,0x0000000797600000,0x0000000797600000)
  from space 5120K, 76% used [0x0000000797600000,0x00000007979d5380,0x0000000797b00000)
  to   space 5120K, 0% used [0x0000000797b00000,0x0000000797b00000,0x0000000798000000)
 ParOldGen       total 87552K, used 8K [0x0000000740000000, 0x0000000745580000, 0x0000000795580000)
  object space 87552K, 0% used [0x0000000740000000,0x0000000740002000,0x0000000745580000)
 Metaspace       used 12959K, capacity 13286K, committed 13440K, reserved 1060864K
  class space    used 1472K, capacity 1571K, committed 1664K, reserved 1048576K
Event: 3.048 GC heap after
Heap after GC invocations=2 (full 0):
 PSYoungGen      total 38400K, used 5113K [0x0000000795580000, 0x0000000798000000, 0x00000007c0000000)
  eden space 33280K, 0% used [0x0000000795580000,0x0000000795580000,0x0000000797600000)
  from space 5120K, 99% used [0x0000000797b00000,0x0000000797ffe400,0x0000000798000000)
  to   space 5120K, 0% used [0x0000000797600000,0x0000000797600000,0x0000000797b00000)
 ParOldGen       total 87552K, used 189K [0x0000000740000000, 0x0000000745580000, 0x0000000795580000)
  object space 87552K, 0% used [0x0000000740000000,0x000000074002f6f0,0x0000000745580000)
 Metaspace       used 12959K, capacity 13286K, committed 13440K, reserved 1060864K
  class space    used 1472K, capacity 1571K, committed 1664K, reserved 1048576K
}
Event: 3.729 GC heap before
{Heap before GC invocations=3 (full 0):
 PSYoungGen      total 38400K, used 38393K [0x0000000795580000, 0x0000000798000000, 0x00000007c0000000)
  eden space 33280K, 100% used [0x0000000795580000,0x0000000797600000,0x0000000797600000)
  from space 5120K, 99% used [0x0000000797b00000,0x0000000797ffe400,0x0000000798000000)
  to   space 5120K, 0% used [0x0000000797600000,0x0000000797600000,0x0000000797b00000)
 ParOldGen       total 87552K, used 189K [0x0000000740000000, 0x0000000745580000, 0x0000000795580000)
  object space 87552K, 0% used [0x0000000740000000,0x000000074002f6f0,0x0000000745580000)
 Metaspace       used 16340K, capacity 16670K, committed 17024K, reserved 1064960K
  class space    used 1955K, capacity 2063K, committed 2176K, reserved 1048576K
Event: 3.736 GC heap after
Heap after GC invocations=3 (full 0):
 PSYoungGen      total 38400K, used 5118K [0x0000000795580000, 0x0000000798000000, 0x00000007c0000000)
  eden space 33280K, 0% used [0x0000000795580000,0x0000000795580000,0x0000000797600000)
  from space 5120K, 99% used [0x0000000797600000,0x0000000797affa50,0x0000000797b00000)
  to   space 5120K, 0% used [0x0000000797b00000,0x0000000797b00000,0x0000000798000000)
 ParOldGen       total 87552K, used 909K [0x0000000740000000, 0x0000000745580000, 0x0000000795580000)
  object space 87552K, 1% used [0x0000000740000000,0x00000007400e3710,0x0000000745580000)
 Metaspace       used 16340K, capacity 16670K, committed 17024K, reserved 1064960K
  class space    used 1955K, capacity 2063K, committed 2176K, reserved 1048576K
}
Event: 4.306 GC heap before
{Heap before GC invocations=4 (full 0):
 PSYoungGen      total 38400K, used 38398K [0x0000000795580000, 0x0000000798000000, 0x00000007c0000000)
  eden space 33280K, 100% used [0x0000000795580000,0x0000000797600000,0x0000000797600000)
  from space 5120K, 99% used [0x0000000797600000,0x0000000797affa50,0x0000000797b00000)
  to   space 5120K, 0% used [0x0000000797b00000,0x0000000797b00000,0x0000000798000000)
 ParOldGen       total 87552K, used 909K [0x0000000740000000, 0x0000000745580000, 0x0000000795580000)
  object space 87552K, 1% used [0x0000000740000000,0x00000007400e3710,0x0000000745580000)
 Metaspace       used 18683K, capacity 19130K, committed 19456K, reserved 1067008K
  class space    used 2334K, capacity 2477K, committed 2560K, reserved 1048576K
Event: 4.314 GC heap after
Heap after GC invocations=4 (full 0):
 PSYoungGen      total 38400K, used 5091K [0x0000000795580000, 0x0000000798000000, 0x00000007c0000000)
  eden space 33280K, 0% used [0x0000000795580000,0x0000000795580000,0x0000000797600000)
  from space 5120K, 99% used [0x0000000797b00000,0x0000000797ff8f08,0x0000000798000000)
  to   space 5120K, 0% used [0x0000000797600000,0x0000000797600000,0x0000000797b00000)
 ParOldGen       total 87552K, used 1675K [0x0000000740000000, 0x0000000745580000, 0x0000000795580000)
  object space 87552K, 1% used [0x0000000740000000,0x00000007401a2ec8,0x0000000745580000)
 Metaspace       used 18683K, capacity 19130K, committed 19456K, reserved 1067008K
  class space    used 2334K, capacity 2477K, committed 2560K, reserved 1048576K
}

Deoptimization events (9 events):
Event: 1.310 Thread 0x00007f9569001000 Uncommon trap: reason=unstable_if action=reinterpret pc=0x00000001168611a4 method=sun.misc.MetaIndex.mayContain(Ljava/lang/String;)Z @ 38
Event: 1.717 Thread 0x00007f9569001000 Uncommon trap: reason=unstable_if action=reinterpret pc=0x000000011691d2e4 method=java.lang.String.lastIndexOf([CII[CIII)I @ 17
Event: 2.135 Thread 0x00007f9569001000 Uncommon trap: reason=range_check action=make_not_entrant pc=0x00000001169b7274 method=sun.reflect.generics.parser.SignatureParser.current()C @ 34
Event: 3.491 Thread 0x00007f9569001000 Uncommon trap: reason=unstable_if action=reinterpret pc=0x0000000116852dfc method=java.lang.String.indexOf([CII[CIII)I @ 3
Event: 3.959 Thread 0x00007f9569001000 Uncommon trap: reason=class_check action=maybe_recompile pc=0x0000000116a30cc4 method=java.util.HashMap.putVal(ILjava/lang/Object;Ljava/lang/Object;ZZ)Ljava/lang/Object; @ 203
Event: 3.962 Thread 0x00007f9569001000 Uncommon trap: reason=class_check action=maybe_recompile pc=0x0000000116a30cc4 method=java.util.HashMap.putVal(ILjava/lang/Object;Ljava/lang/Object;ZZ)Ljava/lang/Object; @ 203
Event: 3.965 Thread 0x00007f9569001000 Uncommon trap: reason=class_check action=maybe_recompile pc=0x0000000116a30cc4 method=java.util.HashMap.putVal(ILjava/lang/Object;Ljava/lang/Object;ZZ)Ljava/lang/Object; @ 203
Event: 3.977 Thread 0x00007f9569001000 Uncommon trap: reason=class_check action=maybe_recompile pc=0x0000000116a30cc4 method=java.util.HashMap.putVal(ILjava/lang/Object;Ljava/lang/Object;ZZ)Ljava/lang/Object; @ 203
Event: 1485.234 Thread 0x00007f9569001000 Uncommon trap: reason=unstable_if action=reinterpret pc=0x0000000116997c5c method=sun.nio.cs.UTF_8$Decoder.decode([BII[C)I @ 30

Internal exceptions (10 events):
Event: 1485.302 Thread 0x00007f9569001000 Exception <a 'java/io/IOException'> (0x0000000795ded918) thrown at [/Users/java_re/workspace/8-2-build-macosx-x86_64/jdk8u144/9417/hotspot/src/share/vm/prims/jni.cpp, line 709]
Event: 1485.302 Thread 0x00007f9569001000 Exception <a 'java/io/IOException'> (0x0000000795dedd68) thrown at [/Users/java_re/workspace/8-2-build-macosx-x86_64/jdk8u144/9417/hotspot/src/share/vm/prims/jni.cpp, line 709]
Event: 1485.304 Thread 0x00007f9569001000 Exception <a 'java/io/IOException'> (0x0000000795df1310) thrown at [/Users/java_re/workspace/8-2-build-macosx-x86_64/jdk8u144/9417/hotspot/src/share/vm/prims/jni.cpp, line 709]
Event: 1485.304 Thread 0x00007f9569001000 Exception <a 'java/io/IOException'> (0x0000000795df1760) thrown at [/Users/java_re/workspace/8-2-build-macosx-x86_64/jdk8u144/9417/hotspot/src/share/vm/prims/jni.cpp, line 709]
Event: 1485.306 Thread 0x00007f9569001000 Exception <a 'java/io/IOException'> (0x0000000795e07ab0) thrown at [/Users/java_re/workspace/8-2-build-macosx-x86_64/jdk8u144/9417/hotspot/src/share/vm/prims/jni.cpp, line 709]
Event: 1485.306 Thread 0x00007f9569001000 Exception <a 'java/io/IOException'> (0x0000000795e07f00) thrown at [/Users/java_re/workspace/8-2-build-macosx-x86_64/jdk8u144/9417/hotspot/src/share/vm/prims/jni.cpp, line 709]
Event: 1485.373 Thread 0x00007f9569001000 Exception <a 'java/lang/ClassNotFoundException': com/lex/studyspringboot2_1/model/UserBeanInfo> (0x0000000796214900) thrown at [/Users/java_re/workspace/8-2-build-macosx-x86_64/jdk8u144/9417/hotspot/src/share/vm/classfile/systemDictionary.cpp, line 210]
Event: 1485.374 Thread 0x00007f9569001000 Exception <a 'java/lang/ClassNotFoundException': java/lang/ObjectBeanInfo> (0x000000079621c4e8) thrown at [/Users/java_re/workspace/8-2-build-macosx-x86_64/jdk8u144/9417/hotspot/src/share/vm/classfile/systemDictionary.cpp, line 210]
Event: 1485.374 Thread 0x00007f9569001000 Exception <a 'java/lang/ClassNotFoundException': java/lang/ObjectCustomizer> (0x0000000796224938) thrown at [/Users/java_re/workspace/8-2-build-macosx-x86_64/jdk8u144/9417/hotspot/src/share/vm/classfile/systemDictionary.cpp, line 210]
Event: 1485.378 Thread 0x00007f9569001000 Exception <a 'java/lang/ClassNotFoundException': com/lex/studyspringboot2_1/model/UserCustomizer> (0x000000079624a300) thrown at [/Users/java_re/workspace/8-2-build-macosx-x86_64/jdk8u144/9417/hotspot/src/share/vm/classfile/systemDictionary.cpp, line 210]

Events (10 events):
Event: 1485.394 Thread 0x00007f9569001000 DEOPT PACKING pc=0x0000000116b219fc sp=0x0000700002d94b70
Event: 1485.394 Thread 0x00007f9569001000 DEOPT UNPACKING pc=0x00000001166fe633 sp=0x0000700002d949b0 mode 1
Event: 1485.396 loading class org/hibernate/validator/internal/engine/ValidationContext
Event: 1485.396 loading class org/hibernate/validator/internal/engine/ValidationContext done
Event: 1485.396 Thread 0x00007f9569001000 DEOPT PACKING pc=0x0000000116896bb1 sp=0x0000700002d94450
Event: 1485.396 Thread 0x00007f9569001000 DEOPT UNPACKING pc=0x00000001166fe633 sp=0x0000700002d941c0 mode 1
Event: 1485.396 Thread 0x00007f9569001000 DEOPT PACKING pc=0x0000000116b21c5c sp=0x0000700002d944d0
Event: 1485.396 Thread 0x00007f9569001000 DEOPT UNPACKING pc=0x00000001166fe633 sp=0x0000700002d94310 mode 1
Event: 1485.396 Thread 0x00007f9569001000 DEOPT PACKING pc=0x0000000116b219fc sp=0x0000700002d94660
Event: 1485.396 Thread 0x00007f9569001000 DEOPT UNPACKING pc=0x00000001166fe633 sp=0x0000700002d944a0 mode 1


Dynamic libraries:
0x000000000cd87000 	/System/Library/Frameworks/Cocoa.framework/Versions/A/Cocoa
0x000000000cd87000 	/System/Library/Frameworks/Security.framework/Versions/A/Security
0x000000000cd87000 	/System/Library/Frameworks/ApplicationServices.framework/Versions/A/ApplicationServices
0x000000000cd87000 	/usr/lib/libz.1.dylib
0x000000000cd87000 	/usr/lib/libSystem.B.dylib
0x000000000cd87000 	/usr/lib/libobjc.A.dylib
0x000000000cd87000 	/System/Library/Frameworks/CoreFoundation.framework/Versions/A/CoreFoundation
0x000000000cd87000 	/System/Library/Frameworks/Foundation.framework/Versions/C/Foundation
0x000000000cd87000 	/System/Library/Frameworks/AppKit.framework/Versions/C/AppKit
0x000000000cd87000 	/System/Library/Frameworks/CoreData.framework/Versions/A/CoreData
0x000000000cd87000 	/System/Library/PrivateFrameworks/RemoteViewServices.framework/Versions/A/RemoteViewServices
0x000000000cd87000 	/System/Library/PrivateFrameworks/UIFoundation.framework/Versions/A/UIFoundation
0x000000000cd87000 	/System/Library/PrivateFrameworks/XCTTargetBootstrap.framework/Versions/A/XCTTargetBootstrap
0x000000000cd87000 	/System/Library/PrivateFrameworks/IconServices.framework/Versions/A/IconServices
0x000000000cd87000 	/System/Library/Frameworks/Metal.framework/Versions/A/Metal
0x000000000cd87000 	/System/Library/PrivateFrameworks/DesktopServicesPriv.framework/Versions/A/DesktopServicesPriv
0x000000000cd87000 	/usr/lib/libenergytrace.dylib
0x000000000cd87000 	/System/Library/PrivateFrameworks/SkyLight.framework/Versions/A/SkyLight
0x000000000cd87000 	/System/Library/Frameworks/CoreGraphics.framework/Versions/A/CoreGraphics
0x000000000cd87000 	/System/Library/Frameworks/Accelerate.framework/Versions/A/Accelerate
0x000000000cd87000 	/System/Library/Frameworks/IOSurface.framework/Versions/A/IOSurface
0x000000000cd87000 	/System/Library/PrivateFrameworks/DFRFoundation.framework/Versions/A/DFRFoundation
0x000000000cd87000 	/System/Library/Frameworks/AudioToolbox.framework/Versions/A/AudioToolbox
0x000000000cd87000 	/System/Library/Frameworks/AudioUnit.framework/Versions/A/AudioUnit
0x000000000cd87000 	/System/Library/PrivateFrameworks/DataDetectorsCore.framework/Versions/A/DataDetectorsCore
0x000000000cd87000 	/System/Library/Frameworks/Carbon.framework/Versions/A/Frameworks/HIToolbox.framework/Versions/A/HIToolbox
0x000000000cd87000 	/usr/lib/libicucore.A.dylib
0x000000000cd87000 	/System/Library/Frameworks/QuartzCore.framework/Versions/A/QuartzCore
0x000000000cd87000 	/System/Library/Frameworks/Carbon.framework/Versions/A/Frameworks/SpeechRecognition.framework/Versions/A/SpeechRecognition
0x000000000cd87000 	/usr/lib/libauto.dylib
0x000000000cd87000 	/usr/lib/libxml2.2.dylib
0x000000000cd87000 	/System/Library/PrivateFrameworks/CoreUI.framework/Versions/A/CoreUI
0x000000000cd87000 	/System/Library/Frameworks/CoreAudio.framework/Versions/A/CoreAudio
0x000000000cd87000 	/System/Library/Frameworks/DiskArbitration.framework/Versions/A/DiskArbitration
0x000000000cd87000 	/usr/lib/liblangid.dylib
0x000000000cd87000 	/System/Library/PrivateFrameworks/MultitouchSupport.framework/Versions/A/MultitouchSupport
0x000000000cd87000 	/System/Library/Frameworks/IOKit.framework/Versions/A/IOKit
0x000000000cd87000 	/usr/lib/libDiagnosticMessagesClient.dylib
0x000000000cd87000 	/System/Library/Frameworks/CoreServices.framework/Versions/A/CoreServices
0x000000000cd87000 	/System/Library/PrivateFrameworks/PerformanceAnalysis.framework/Versions/A/PerformanceAnalysis
0x000000000cd87000 	/System/Library/Frameworks/OpenGL.framework/Versions/A/OpenGL
0x000000000cd87000 	/System/Library/Frameworks/ColorSync.framework/Versions/A/ColorSync
0x000000000cd87000 	/System/Library/Frameworks/CoreImage.framework/Versions/A/CoreImage
0x000000000cd87000 	/System/Library/Frameworks/CoreText.framework/Versions/A/CoreText
0x000000000cd87000 	/System/Library/Frameworks/ImageIO.framework/Versions/A/ImageIO
0x000000000cd87000 	/System/Library/PrivateFrameworks/Backup.framework/Versions/A/Backup
0x000000000cd87000 	/usr/lib/libarchive.2.dylib
0x000000000cd87000 	/System/Library/Frameworks/CFNetwork.framework/Versions/A/CFNetwork
0x000000000cd87000 	/System/Library/Frameworks/SystemConfiguration.framework/Versions/A/SystemConfiguration
0x000000000cd87000 	/usr/lib/libCRFSuite.dylib
0x000000000cd87000 	/usr/lib/libc++.1.dylib
0x000000000cd87000 	/usr/lib/libc++abi.dylib
0x000000000cd87000 	/usr/lib/system/libcache.dylib
0x000000000cd87000 	/usr/lib/system/libcommonCrypto.dylib
0x000000000cd87000 	/usr/lib/system/libcompiler_rt.dylib
0x000000000cd87000 	/usr/lib/system/libcopyfile.dylib
0x000000000cd87000 	/usr/lib/system/libcorecrypto.dylib
0x000000000cd87000 	/usr/lib/system/libdispatch.dylib
0x000000000cd87000 	/usr/lib/system/libdyld.dylib
0x000000000cd87000 	/usr/lib/system/libkeymgr.dylib
0x000000000cd87000 	/usr/lib/system/liblaunch.dylib
0x000000000cd87000 	/usr/lib/system/libmacho.dylib
0x000000000cd87000 	/usr/lib/system/libquarantine.dylib
0x000000000cd87000 	/usr/lib/system/libremovefile.dylib
0x000000000cd87000 	/usr/lib/system/libsystem_asl.dylib
0x000000000cd87000 	/usr/lib/system/libsystem_blocks.dylib
0x000000000cd87000 	/usr/lib/system/libsystem_c.dylib
0x000000000cd87000 	/usr/lib/system/libsystem_configuration.dylib
0x000000000cd87000 	/usr/lib/system/libsystem_coreservices.dylib
0x000000000cd87000 	/usr/lib/system/libsystem_darwin.dylib
0x000000000cd87000 	/usr/lib/system/libsystem_dnssd.dylib
0x000000000cd87000 	/usr/lib/system/libsystem_info.dylib
0x000000000cd87000 	/usr/lib/system/libsystem_m.dylib
0x000000000cd87000 	/usr/lib/system/libsystem_malloc.dylib
0x000000000cd87000 	/usr/lib/system/libsystem_networkextension.dylib
0x000000000cd87000 	/usr/lib/system/libsystem_notify.dylib
0x000000000cd87000 	/usr/lib/system/libsystem_sandbox.dylib
0x000000000cd87000 	/usr/lib/system/libsystem_secinit.dylib
0x000000000cd87000 	/usr/lib/system/libsystem_kernel.dylib
0x000000000cd87000 	/usr/lib/system/libsystem_platform.dylib
0x000000000cd87000 	/usr/lib/system/libsystem_pthread.dylib
0x000000000cd87000 	/usr/lib/system/libsystem_symptoms.dylib
0x000000000cd87000 	/usr/lib/system/libsystem_trace.dylib
0x000000000cd87000 	/usr/lib/system/libunwind.dylib
0x000000000cd87000 	/usr/lib/system/libxpc.dylib
0x000000000cd87000 	/usr/lib/libbsm.0.dylib
0x000000000cd87000 	/usr/lib/system/libkxld.dylib
0x000000000cd87000 	/System/Library/PrivateFrameworks/AppleFSCompression.framework/Versions/A/AppleFSCompression
0x000000000cd87000 	/usr/lib/libOpenScriptingUtil.dylib
0x000000000cd87000 	/usr/lib/libcoretls.dylib
0x000000000cd87000 	/usr/lib/libcoretls_cfhelpers.dylib
0x000000000cd87000 	/usr/lib/libpam.2.dylib
0x000000000cd87000 	/usr/lib/libsqlite3.dylib
0x000000000cd87000 	/usr/lib/libxar.1.dylib
0x000000000cd87000 	/usr/lib/libbz2.1.0.dylib
0x000000000cd87000 	/usr/lib/liblzma.5.dylib
0x000000000cd87000 	/usr/lib/libnetwork.dylib
0x000000000cd87000 	/usr/lib/libapple_nghttp2.dylib
0x000000000cd87000 	/usr/lib/libpcap.A.dylib
0x000000000cd87000 	/System/Library/Frameworks/CoreServices.framework/Versions/A/Frameworks/FSEvents.framework/Versions/A/FSEvents
0x000000000cd87000 	/System/Library/Frameworks/CoreServices.framework/Versions/A/Frameworks/CarbonCore.framework/Versions/A/CarbonCore
0x000000000cd87000 	/System/Library/Frameworks/CoreServices.framework/Versions/A/Frameworks/Metadata.framework/Versions/A/Metadata
0x000000000cd87000 	/System/Library/Frameworks/CoreServices.framework/Versions/A/Frameworks/OSServices.framework/Versions/A/OSServices
0x000000000cd87000 	/System/Library/Frameworks/CoreServices.framework/Versions/A/Frameworks/SearchKit.framework/Versions/A/SearchKit
0x000000000cd87000 	/System/Library/Frameworks/CoreServices.framework/Versions/A/Frameworks/AE.framework/Versions/A/AE
0x000000000cd87000 	/System/Library/Frameworks/CoreServices.framework/Versions/A/Frameworks/LaunchServices.framework/Versions/A/LaunchServices
0x000000000cd87000 	/System/Library/Frameworks/CoreServices.framework/Versions/A/Frameworks/DictionaryServices.framework/Versions/A/DictionaryServices
0x000000000cd87000 	/System/Library/Frameworks/CoreServices.framework/Versions/A/Frameworks/SharedFileList.framework/Versions/A/SharedFileList
0x000000000cd87000 	/System/Library/Frameworks/NetFS.framework/Versions/A/NetFS
0x000000000cd87000 	/System/Library/PrivateFrameworks/NetAuth.framework/Versions/A/NetAuth
0x000000000cd87000 	/System/Library/PrivateFrameworks/login.framework/Versions/A/Frameworks/loginsupport.framework/Versions/A/loginsupport
0x000000000cd87000 	/System/Library/PrivateFrameworks/TCC.framework/Versions/A/TCC
0x000000000cd87000 	/System/Library/PrivateFrameworks/CoreNLP.framework/Versions/A/CoreNLP
0x000000000cd87000 	/System/Library/PrivateFrameworks/MetadataUtilities.framework/Versions/A/MetadataUtilities
0x000000000cd87000 	/usr/lib/libmecabra.dylib
0x000000000cd87000 	/System/Library/Frameworks/ApplicationServices.framework/Versions/A/Frameworks/ATS.framework/Versions/A/ATS
0x000000000cd87000 	/System/Library/Frameworks/ApplicationServices.framework/Versions/A/Frameworks/ColorSyncLegacy.framework/Versions/A/ColorSyncLegacy
0x000000000cd87000 	/System/Library/Frameworks/ApplicationServices.framework/Versions/A/Frameworks/HIServices.framework/Versions/A/HIServices
0x000000000cd87000 	/System/Library/Frameworks/ApplicationServices.framework/Versions/A/Frameworks/LangAnalysis.framework/Versions/A/LangAnalysis
0x000000000cd87000 	/System/Library/Frameworks/ApplicationServices.framework/Versions/A/Frameworks/PrintCore.framework/Versions/A/PrintCore
0x000000000cd87000 	/System/Library/Frameworks/ApplicationServices.framework/Versions/A/Frameworks/QD.framework/Versions/A/QD
0x000000000cd87000 	/System/Library/Frameworks/ApplicationServices.framework/Versions/A/Frameworks/SpeechSynthesis.framework/Versions/A/SpeechSynthesis
0x000000000cd87000 	/usr/lib/libcompression.dylib
0x000000000cd87000 	/System/Library/Frameworks/CoreDisplay.framework/Versions/A/CoreDisplay
0x000000000cd87000 	/System/Library/Frameworks/MetalPerformanceShaders.framework/Versions/A/MetalPerformanceShaders
0x000000000cd87000 	/System/Library/Frameworks/Accelerate.framework/Versions/A/Frameworks/vImage.framework/Versions/A/vImage
0x000000000cd87000 	/System/Library/Frameworks/Accelerate.framework/Versions/A/Frameworks/vecLib.framework/Versions/A/vecLib
0x000000000cd87000 	/System/Library/Frameworks/Accelerate.framework/Versions/A/Frameworks/vecLib.framework/Versions/A/libvMisc.dylib
0x000000000cd87000 	/System/Library/Frameworks/Accelerate.framework/Versions/A/Frameworks/vecLib.framework/Versions/A/libvDSP.dylib
0x000000000cd87000 	/System/Library/Frameworks/Accelerate.framework/Versions/A/Frameworks/vecLib.framework/Versions/A/libBLAS.dylib
0x000000000cd87000 	/System/Library/Frameworks/Accelerate.framework/Versions/A/Frameworks/vecLib.framework/Versions/A/libLAPACK.dylib
0x000000000cd87000 	/System/Library/Frameworks/Accelerate.framework/Versions/A/Frameworks/vecLib.framework/Versions/A/libLinearAlgebra.dylib
0x000000000cd87000 	/System/Library/Frameworks/Accelerate.framework/Versions/A/Frameworks/vecLib.framework/Versions/A/libSparseBLAS.dylib
0x000000000cd87000 	/System/Library/Frameworks/Accelerate.framework/Versions/A/Frameworks/vecLib.framework/Versions/A/libQuadrature.dylib
0x000000000cd87000 	/System/Library/Frameworks/Accelerate.framework/Versions/A/Frameworks/vecLib.framework/Versions/A/libBNNS.dylib
0x000000000cd87000 	/System/Library/Frameworks/Accelerate.framework/Versions/A/Frameworks/vecLib.framework/Versions/A/libSparse.dylib
0x000000000cd87000 	/System/Library/PrivateFrameworks/GPUWrangler.framework/Versions/A/GPUWrangler
0x000000000cd87000 	/System/Library/PrivateFrameworks/IOAccelerator.framework/Versions/A/IOAccelerator
0x000000000cd87000 	/System/Library/PrivateFrameworks/IOPresentment.framework/Versions/A/IOPresentment
0x000000000cd87000 	/System/Library/PrivateFrameworks/DSExternalDisplay.framework/Versions/A/DSExternalDisplay
0x000000000cd87000 	/System/Library/Frameworks/OpenGL.framework/Versions/A/Libraries/libCoreFSCache.dylib
0x000000000cd87000 	/System/Library/Frameworks/MetalPerformanceShaders.framework/Frameworks/MPSCore.framework/Versions/A/MPSCore
0x000000000cd87000 	/System/Library/Frameworks/MetalPerformanceShaders.framework/Frameworks/MPSImage.framework/Versions/A/MPSImage
0x000000000cd87000 	/System/Library/Frameworks/MetalPerformanceShaders.framework/Frameworks/MPSNeuralNetwork.framework/Versions/A/MPSNeuralNetwork
0x000000000cd87000 	/System/Library/Frameworks/MetalPerformanceShaders.framework/Frameworks/MPSMatrix.framework/Versions/A/MPSMatrix
0x000000000cd87000 	/System/Library/Frameworks/MetalPerformanceShaders.framework/Frameworks/MPSRayIntersector.framework/Versions/A/MPSRayIntersector
0x000000000cd87000 	/System/Library/PrivateFrameworks/MetalTools.framework/Versions/A/MetalTools
0x000000000cd87000 	/System/Library/PrivateFrameworks/AggregateDictionary.framework/Versions/A/AggregateDictionary
0x000000000cd87000 	/usr/lib/libMobileGestalt.dylib
0x000000000cd87000 	/System/Library/Frameworks/CoreVideo.framework/Versions/A/CoreVideo
0x000000000cd87000 	/System/Library/PrivateFrameworks/GraphVisualizer.framework/Versions/A/GraphVisualizer
0x000000000cd87000 	/System/Library/PrivateFrameworks/FaceCore.framework/Versions/A/FaceCore
0x000000000cd87000 	/System/Library/Frameworks/OpenCL.framework/Versions/A/OpenCL
0x000000000cd87000 	/usr/lib/libFosl_dynamic.dylib
0x000000000cd87000 	/System/Library/PrivateFrameworks/OTSVG.framework/Versions/A/OTSVG
0x000000000cd87000 	/System/Library/Frameworks/ApplicationServices.framework/Versions/A/Frameworks/ATS.framework/Versions/A/Resources/libFontParser.dylib
0x000000000cd87000 	/System/Library/Frameworks/ApplicationServices.framework/Versions/A/Frameworks/ATS.framework/Versions/A/Resources/libFontRegistry.dylib
0x000000000cd87000 	/System/Library/Frameworks/ImageIO.framework/Versions/A/Resources/libJPEG.dylib
0x000000000cd87000 	/System/Library/Frameworks/ImageIO.framework/Versions/A/Resources/libTIFF.dylib
0x000000000cd87000 	/System/Library/Frameworks/ImageIO.framework/Versions/A/Resources/libPng.dylib
0x000000000cd87000 	/System/Library/Frameworks/ImageIO.framework/Versions/A/Resources/libGIF.dylib
0x000000000cd87000 	/System/Library/Frameworks/ImageIO.framework/Versions/A/Resources/libJP2.dylib
0x000000000cd87000 	/System/Library/Frameworks/ImageIO.framework/Versions/A/Resources/libRadiance.dylib
0x000000000cd87000 	/System/Library/PrivateFrameworks/AppleJPEG.framework/Versions/A/AppleJPEG
0x000000000cd87000 	/System/Library/Frameworks/OpenGL.framework/Versions/A/Libraries/libGFXShared.dylib
0x000000000cd87000 	/System/Library/Frameworks/OpenGL.framework/Versions/A/Libraries/libGLU.dylib
0x000000000cd87000 	/System/Library/Frameworks/OpenGL.framework/Versions/A/Libraries/libGL.dylib
0x000000000cd87000 	/System/Library/Frameworks/OpenGL.framework/Versions/A/Libraries/libGLImage.dylib
0x000000000cd87000 	/System/Library/Frameworks/OpenGL.framework/Versions/A/Libraries/libCVMSPluginSupport.dylib
0x000000000cd87000 	/System/Library/Frameworks/OpenGL.framework/Versions/A/Libraries/libCoreVMClient.dylib
0x000000000cd87000 	/usr/lib/libcups.2.dylib
0x000000000cd87000 	/System/Library/Frameworks/Kerberos.framework/Versions/A/Kerberos
0x000000000cd87000 	/System/Library/Frameworks/GSS.framework/Versions/A/GSS
0x000000000cd87000 	/usr/lib/libresolv.9.dylib
0x000000000cd87000 	/usr/lib/libiconv.2.dylib
0x000000000cd87000 	/System/Library/PrivateFrameworks/Heimdal.framework/Versions/A/Heimdal
0x000000000cd87000 	/usr/lib/libheimdal-asn1.dylib
0x000000000cd87000 	/System/Library/Frameworks/OpenDirectory.framework/Versions/A/OpenDirectory
0x000000000cd87000 	/System/Library/PrivateFrameworks/CommonAuth.framework/Versions/A/CommonAuth
0x000000000cd87000 	/System/Library/Frameworks/OpenDirectory.framework/Versions/A/Frameworks/CFOpenDirectory.framework/Versions/A/CFOpenDirectory
0x000000000cd87000 	/System/Library/Frameworks/SecurityFoundation.framework/Versions/A/SecurityFoundation
0x000000000cd87000 	/System/Library/PrivateFrameworks/APFS.framework/Versions/A/APFS
0x000000000cd87000 	/usr/lib/libutil.dylib
0x000000000cd87000 	/usr/lib/libcharset.1.dylib
0x000000000cd87000 	/System/Library/PrivateFrameworks/AppleSauce.framework/Versions/A/AppleSauce
0x000000000cd87000 	/System/Library/PrivateFrameworks/AssertionServices.framework/Versions/A/AssertionServices
0x000000000cd87000 	/System/Library/PrivateFrameworks/BaseBoard.framework/Versions/A/BaseBoard
0x000000000cd87000 	/usr/lib/libmecab.1.0.0.dylib
0x000000000cd87000 	/usr/lib/libgermantok.dylib
0x000000000cd87000 	/usr/lib/libThaiTokenizer.dylib
0x000000000cd87000 	/usr/lib/libChineseTokenizer.dylib
0x000000000cd87000 	/System/Library/PrivateFrameworks/LanguageModeling.framework/Versions/A/LanguageModeling
0x000000000cd87000 	/System/Library/PrivateFrameworks/CoreEmoji.framework/Versions/A/CoreEmoji
0x000000000cd87000 	/System/Library/PrivateFrameworks/Lexicon.framework/Versions/A/Lexicon
0x000000000cd87000 	/System/Library/PrivateFrameworks/LinguisticData.framework/Versions/A/LinguisticData
0x000000000cd87000 	/usr/lib/libcmph.dylib
0x000000000cd87000 	/System/Library/Frameworks/ServiceManagement.framework/Versions/A/ServiceManagement
0x000000000cd87000 	/System/Library/PrivateFrameworks/BackgroundTaskManagement.framework/Versions/A/BackgroundTaskManagement
0x000000000cd87000 	/usr/lib/libxslt.1.dylib
0x000000000cd87000 	/System/Library/Frameworks/Carbon.framework/Versions/A/Frameworks/Ink.framework/Versions/A/Ink
0x000000000cd87000 	/System/Library/PrivateFrameworks/TextureIO.framework/Versions/A/TextureIO
0x000000000cd87000 	/usr/lib/libate.dylib
0x000000000cd87000 	/System/Library/PrivateFrameworks/CrashReporterSupport.framework/Versions/A/CrashReporterSupport
0x000000000cd87000 	/System/Library/PrivateFrameworks/Sharing.framework/Versions/A/Sharing
0x000000000cd87000 	/System/Library/PrivateFrameworks/AuthKit.framework/Versions/A/AuthKit
0x000000000cd87000 	/System/Library/PrivateFrameworks/Apple80211.framework/Versions/A/Apple80211
0x000000000cd87000 	/System/Library/PrivateFrameworks/CoreUtils.framework/Versions/A/CoreUtils
0x000000000cd87000 	/System/Library/Frameworks/CoreWLAN.framework/Versions/A/CoreWLAN
0x000000000cd87000 	/System/Library/Frameworks/IOBluetooth.framework/Versions/A/IOBluetooth
0x000000000cd87000 	/System/Library/PrivateFrameworks/ProtocolBuffer.framework/Versions/A/ProtocolBuffer
0x000000000cd87000 	/System/Library/PrivateFrameworks/MobileKeyBag.framework/Versions/A/MobileKeyBag
0x000000000cd87000 	/System/Library/PrivateFrameworks/CorePhoneNumbers.framework/Versions/A/CorePhoneNumbers
0x000000000cd87000 	/System/Library/PrivateFrameworks/AppleIDAuthSupport.framework/Versions/A/AppleIDAuthSupport
0x000000000cd87000 	/System/Library/PrivateFrameworks/KeychainCircle.framework/Versions/A/KeychainCircle
0x000000000cd87000 	/System/Library/PrivateFrameworks/ROCKit.framework/Versions/A/ROCKit
0x000000000cd87000 	/System/Library/PrivateFrameworks/CoreWiFi.framework/Versions/A/CoreWiFi
0x000000000cd87000 	/System/Library/Frameworks/CoreBluetooth.framework/Versions/A/CoreBluetooth
0x000000000cd87000 	/System/Library/PrivateFrameworks/DebugSymbols.framework/Versions/A/DebugSymbols
0x000000000cd87000 	/System/Library/PrivateFrameworks/CoreSymbolication.framework/Versions/A/CoreSymbolication
0x000000000cd87000 	/System/Library/PrivateFrameworks/Symbolication.framework/Versions/A/Symbolication
0x000000000cd87000 	/System/Library/PrivateFrameworks/SpeechRecognitionCore.framework/Versions/A/SpeechRecognitionCore
0x000000000cd87000 	/System/Library/CoreServices/Encodings/libJapaneseConverter.dylib
0x000000010a2f1000 	/Library/Java/JavaVirtualMachines/jdk1.8.0_144.jdk/Contents/Home/jre/lib/server/libjvm.dylib
0x000000000cd87000 	/usr/lib/libstdc++.6.dylib
0x000000010b298000 	/Library/Java/JavaVirtualMachines/jdk1.8.0_144.jdk/Contents/Home/jre/lib/libverify.dylib
0x000000010b2a6000 	/Library/Java/JavaVirtualMachines/jdk1.8.0_144.jdk/Contents/Home/jre/lib/libjava.dylib
0x000000010b2dc000 	/Library/Java/JavaVirtualMachines/jdk1.8.0_144.jdk/Contents/Home/jre/lib/libjdwp.dylib
0x000000010b327000 	/Library/Java/JavaVirtualMachines/jdk1.8.0_144.jdk/Contents/Home/jre/lib/libnpt.dylib
0x000000010b32b000 	/Library/Java/JavaVirtualMachines/jdk1.8.0_144.jdk/Contents/Home/jre/lib/libinstrument.dylib
0x000000010b3c9000 	/Library/Java/JavaVirtualMachines/jdk1.8.0_144.jdk/Contents/Home/jre/lib/libzip.dylib
0x000000000cd87000 	/System/Library/Frameworks/JavaVM.framework/Versions/A/Frameworks/JavaRuntimeSupport.framework/Versions/A/JavaRuntimeSupport
0x000000000cd87000 	/System/Library/Frameworks/JavaVM.framework/Versions/A/Frameworks/JavaNativeFoundation.framework/Versions/A/JavaNativeFoundation
0x000000000cd87000 	/System/Library/Frameworks/JavaVM.framework/Versions/A/JavaVM
0x000000000cd87000 	/System/Library/Frameworks/Carbon.framework/Versions/A/Carbon
0x000000000cd87000 	/System/Library/PrivateFrameworks/JavaLaunching.framework/Versions/A/JavaLaunching
0x000000000cd87000 	/System/Library/Frameworks/Carbon.framework/Versions/A/Frameworks/CommonPanels.framework/Versions/A/CommonPanels
0x000000000cd87000 	/System/Library/Frameworks/Carbon.framework/Versions/A/Frameworks/Help.framework/Versions/A/Help
0x000000000cd87000 	/System/Library/Frameworks/Carbon.framework/Versions/A/Frameworks/ImageCapture.framework/Versions/A/ImageCapture
0x000000000cd87000 	/System/Library/Frameworks/Carbon.framework/Versions/A/Frameworks/OpenScripting.framework/Versions/A/OpenScripting
0x000000000cd87000 	/System/Library/Frameworks/Carbon.framework/Versions/A/Frameworks/Print.framework/Versions/A/Print
0x000000000cd87000 	/System/Library/Frameworks/Carbon.framework/Versions/A/Frameworks/SecurityHI.framework/Versions/A/SecurityHI
0x0000000113f01000 	/Library/Java/JavaVirtualMachines/jdk1.8.0_144.jdk/Contents/Home/jre/lib/libdt_socket.dylib

VM Arguments:
jvm_args: -agentlib:jdwp=transport=dt_socket,address=127.0.0.1:63309,suspend=y,server=n -ea -Didea.test.cyclic.buffer.size=1048576 -javaagent:/Users/lexluthor/Library/Caches/IntelliJIdea2018.2/captureAgent/debugger-agent.jar=file:/private/var/folders/db/s1qnzhf502z6flzc27cpv35h0000gn/T/capture.props -Dfile.encoding=UTF-8 
java_command: com.intellij.rt.execution.junit.JUnitStarter -ideVersion5 -junit4 com.lex.studyspringboot2_1.controller.WebControllerTest
java_class_path (initial): /Applications/IntelliJ IDEA.app/Contents/lib/idea_rt.jar:/Applications/IntelliJ IDEA.app/Contents/plugins/junit/lib/junit-rt.jar:/Applications/IntelliJ IDEA.app/Contents/plugins/junit/lib/junit5-rt.jar:/Library/Java/JavaVirtualMachines/jdk1.8.0_144.jdk/Contents/Home/jre/lib/charsets.jar:/Library/Java/JavaVirtualMachines/jdk1.8.0_144.jdk/Contents/Home/jre/lib/deploy.jar:/Library/Java/JavaVirtualMachines/jdk1.8.0_144.jdk/Contents/Home/jre/lib/ext/cldrdata.jar:/Library/Java/JavaVirtualMachines/jdk1.8.0_144.jdk/Contents/Home/jre/lib/ext/dnsns.jar:/Library/Java/JavaVirtualMachines/jdk1.8.0_144.jdk/Contents/Home/jre/lib/ext/jaccess.jar:/Library/Java/JavaVirtualMachines/jdk1.8.0_144.jdk/Contents/Home/jre/lib/ext/jfxrt.jar:/Library/Java/JavaVirtualMachines/jdk1.8.0_144.jdk/Contents/Home/jre/lib/ext/localedata.jar:/Library/Java/JavaVirtualMachines/jdk1.8.0_144.jdk/Contents/Home/jre/lib/ext/nashorn.jar:/Library/Java/JavaVirtualMachines/jdk1.8.0_144.jdk/Contents/Home/jre/lib/ext/sunec.jar:/Library/Java/JavaVirtualMachines/jdk1.8.0_144.jdk/Contents/Home/jre/lib/ext/sunjce_provider.jar:/Library/Java/JavaVirtualMachines/jdk1.8.0_144.jdk/Contents/Home/jre/lib/ext/sunpkcs11.jar:/Library/Java/JavaVirtualMachines/jdk1.8.0_144.jdk/Contents/Home/jre/lib/ext/zipfs.jar:/Library/Java/JavaVirtualMachines/jdk1.8.0_144.jdk/Contents/Home/jre/lib/javaws.jar:/Library/Java/JavaVirtualMachines/jdk1.8.0_144.jdk/Contents/Home/jre/lib/jce.jar:/Library/Java/JavaVirtualMachines/jdk1.8.0_144.jdk/Contents/Home/jre/lib/jfr.jar:/Library/Java/JavaVirtualMachines/jdk1.8.0_144.jdk/Contents/Home/jre/lib/jfxswt.jar:/Library/Java/JavaVirtualMachines/jdk1.8.0_144.jdk/Contents/Home/jre/lib/jsse.jar:/Library/Java/JavaVirtualMachines/jdk1.8.0_144.jdk/Contents/Home/jre/lib/management-agent.jar:/Library/Java/JavaVirtualMachines/jdk1.8.0_144.jdk/Contents/Home/jre/lib/plugin.jar:/Library/Java/JavaVirtualMachines/jdk1.8.0_144.jdk/Contents/Home/jre/lib/resources.jar:/Library/Java/JavaVirtualM
Launcher Type: SUN_STANDARD

Environment Variables:
PATH=/usr/bin:/bin:/usr/sbin:/sbin
SHELL=/bin/zsh

Signal Handlers:
SIGSEGV: [libjvm.dylib+0x5b26e5], sa_mask[0]=11111111011111110111111111111111, sa_flags=SA_ONSTACK|SA_RESTART|SA_SIGINFO
SIGBUS: [libjvm.dylib+0x5b26e5], sa_mask[0]=11111111011111110111111111111111, sa_flags=SA_RESTART|SA_SIGINFO
SIGFPE: [libjvm.dylib+0x489100], sa_mask[0]=11111111011111110111111111111111, sa_flags=SA_RESTART|SA_SIGINFO
SIGPIPE: [libjvm.dylib+0x489100], sa_mask[0]=11111111011111110111111111111111, sa_flags=SA_RESTART|SA_SIGINFO
SIGXFSZ: [libjvm.dylib+0x489100], sa_mask[0]=11111111011111110111111111111111, sa_flags=SA_RESTART|SA_SIGINFO
SIGILL: [libjvm.dylib+0x489100], sa_mask[0]=11111111011111110111111111111111, sa_flags=SA_RESTART|SA_SIGINFO
SIGUSR1: SIG_DFL, sa_mask[0]=00000000000000000000000000000000, sa_flags=none
SIGUSR2: [libjvm.dylib+0x488c1e], sa_mask[0]=00100000000000000000000000000000, sa_flags=SA_RESTART|SA_SIGINFO
SIGHUP: [libjvm.dylib+0x4871f5], sa_mask[0]=11111111011111110111111111111111, sa_flags=SA_RESTART|SA_SIGINFO
SIGINT: [libjvm.dylib+0x4871f5], sa_mask[0]=11111111011111110111111111111111, sa_flags=SA_RESTART|SA_SIGINFO
SIGTERM: [libjvm.dylib+0x4871f5], sa_mask[0]=11111111011111110111111111111111, sa_flags=SA_RESTART|SA_SIGINFO
SIGQUIT: [libjvm.dylib+0x4871f5], sa_mask[0]=11111111011111110111111111111111, sa_flags=SA_RESTART|SA_SIGINFO


---------------  S Y S T E M  ---------------

OS:Bsduname:Darwin 18.0.0 Darwin Kernel Version 18.0.0: Wed Aug 22 20:13:40 PDT 2018; root:xnu-4903.201.2~1/RELEASE_X86_64 x86_64
rlimit: STACK 8192k, CORE 0k, NPROC 709, NOFILE 10240, AS infinity
load average:1.88 2.80 2.98

CPU:total 4 (initial active 4) (2 cores per cpu, 2 threads per core) family 6 model 61 stepping 4, cmov, cx8, fxsr, mmx, sse, sse2, sse3, ssse3, sse4.1, sse4.2, popcnt, avx, avx2, aes, clmul, erms, 3dnowpref, lzcnt, ht, tsc, tscinvbit, bmi1, bmi2, adx

Memory: 4k page, physical 8388608k(412640k free)

/proc/meminfo:


vm_info: Java HotSpot(TM) 64-Bit Server VM (25.144-b01) for bsd-amd64 JRE (1.8.0_144-b01), built on Jul 21 2017 22:07:42 by "java_re" with gcc 4.2.1 (Based on Apple Inc. build 5658) (LLVM build 2336.11.00)

time: Tue Nov 20 23:48:04 2018
elapsed time: 1485 seconds (0d 0h 24m 45s)

